<?xml version="1.0" encoding="UTF-8"?>
<!-- Generated by org.testng.reporters.JUnitReportReporter -->
<testsuite hostname="LAPTOP-6DLHE4AB" failures="0" tests="4" name="swaglabs.swaglabstesting" time="32.448" errors="0" timestamp="2025-01-11T15:20:13 IST" skipped="0">
  <testcase classname="swaglabs.swaglabstesting" name="smoketest" time="15.290"/>
  <system-out/>
  <testcase classname="swaglabs.swaglabstesting" name="invalid_details" time="10.812"/>
  <system-out/>
  <testcase classname="swaglabs.swaglabstesting" name="invalid_details" time="2.923"/>
  <system-out/>
  <testcase classname="swaglabs.swaglabstesting" name="invalid_details" time="3.423"/>
  <system-out/>
</testsuite> <!-- swaglabs.swaglabstesting -->
