<?xml version="1.0" encoding="UTF-8"?>
<!-- Generated by org.testng.reporters.JUnitReportReporter -->
<testsuite hostname="LAPTOP-6DLHE4AB" failures="0" tests="1" name="newpackage.swaglabstesting" time="8.991" errors="0" timestamp="2025-01-10T12:05:56 IST" skipped="0">
  <testcase classname="newpackage.swaglabstesting" name="cartproduct" time="8.991"/>
  <system-out/>
</testsuite> <!-- newpackage.swaglabstesting -->
